<?xml version="1.0" encoding="UTF-8"?>
<Site BuildName="(empty)"
	BuildStamp="20260702-0606-Experimental"
	Name="Shadow"
	Generator="ctest-3.22.1"
	CompilerName="/usr/bin/c++"
	CompilerVersion="11.4.0"
	OSName="Linux"
	Hostname="Shadow"
	OSRelease="6.18.33.1-microsoft-standard-WSL2"
	OSVersion="#1 SMP PREEMPT_DYNAMIC Fri Jun  5 01:12:21 UTC 2026"
	OSPlatform="x86_64"
	Is64Bits="1"
	VendorString="GenuineIntel"
	VendorID="Intel Corporation"
	FamilyID="6"
	ModelID="142"
	ProcessorCacheSize="8192"
	NumberOfLogicalCPU="8"
	NumberOfPhysicalCPU="4"
	TotalVirtualMemory="2048"
	TotalPhysicalMemory="7633"
	LogicalProcessorsPerPhysical="2"
	ProcessorClockFrequency="1992"
	>
	<Testing>
		<StartDateTime>Jul 02 11:06 PKT</StartDateTime>
		<StartTestTime>1782972385</StartTestTime>
		<TestList>
			<Test>./lint_cmake</Test>
			<Test>./xmllint</Test>
		</TestList>
		<Test Status="passed">
			<Name>lint_cmake</Name>
			<Path>.</Path>
			<FullName>./lint_cmake</FullName>
			<FullCommandLine>/usr/bin/python3 "-u" "/opt/ros/humble/share/ament_cmake_test/cmake/run_test.py" "/home/rumman/ros2_ws/build/custom_interfaces/test_results/custom_interfaces/lint_cmake.xunit.xml" "--package-name" "custom_interfaces" "--output-file" "/home/rumman/ros2_ws/build/custom_interfaces/ament_lint_cmake/lint_cmake.txt" "--command" "/opt/ros/humble/bin/ament_lint_cmake" "--xunit-file" "/home/rumman/ros2_ws/build/custom_interfaces/test_results/custom_interfaces/lint_cmake.xunit.xml"</FullCommandLine>
			<Results>
				<NamedMeasurement type="numeric/double" name="Execution Time">
					<Value>0.164591</Value>
				</NamedMeasurement>
				<NamedMeasurement type="numeric/double" name="Processors">
					<Value>1</Value>
				</NamedMeasurement>
				<NamedMeasurement type="text/string" name="Completion Status">
					<Value>Completed</Value>
				</NamedMeasurement>
				<NamedMeasurement type="text/string" name="Command Line">
					<Value>/usr/bin/python3 "-u" "/opt/ros/humble/share/ament_cmake_test/cmake/run_test.py" "/home/rumman/ros2_ws/build/custom_interfaces/test_results/custom_interfaces/lint_cmake.xunit.xml" "--package-name" "custom_interfaces" "--output-file" "/home/rumman/ros2_ws/build/custom_interfaces/ament_lint_cmake/lint_cmake.txt" "--command" "/opt/ros/humble/bin/ament_lint_cmake" "--xunit-file" "/home/rumman/ros2_ws/build/custom_interfaces/test_results/custom_interfaces/lint_cmake.xunit.xml"</Value>
				</NamedMeasurement>
				<NamedMeasurement type="text/string" name="Environment">
					<Value>#CTEST_RESOURCE_GROUP_COUNT=</Value>
				</NamedMeasurement>
				<Measurement>
					<Value>-- run_test.py: invoking following command in '/home/rumman/ros2_ws/src/custom_interfaces':
 - /opt/ros/humble/bin/ament_lint_cmake --xunit-file /home/rumman/ros2_ws/build/custom_interfaces/test_results/custom_interfaces/lint_cmake.xunit.xml

No problems found
-- run_test.py: return code 0
-- run_test.py: verify result file '/home/rumman/ros2_ws/build/custom_interfaces/test_results/custom_interfaces/lint_cmake.xunit.xml'
</Value>
				</Measurement>
			</Results>
			<Labels>
				<Label>lint_cmake</Label>
				<Label>linter</Label>
			</Labels>
		</Test>
		<Test Status="failed">
			<Name>xmllint</Name>
			<Path>.</Path>
			<FullName>./xmllint</FullName>
			<FullCommandLine>/usr/bin/python3 "-u" "/opt/ros/humble/share/ament_cmake_test/cmake/run_test.py" "/home/rumman/ros2_ws/build/custom_interfaces/test_results/custom_interfaces/xmllint.xunit.xml" "--package-name" "custom_interfaces" "--output-file" "/home/rumman/ros2_ws/build/custom_interfaces/ament_xmllint/xmllint.txt" "--command" "/opt/ros/humble/bin/ament_xmllint" "--xunit-file" "/home/rumman/ros2_ws/build/custom_interfaces/test_results/custom_interfaces/xmllint.xunit.xml"</FullCommandLine>
			<Results>
				<NamedMeasurement type="text/string" name="Exit Code">
					<Value>Failed</Value>
				</NamedMeasurement>
				<NamedMeasurement type="text/string" name="Exit Value">
					<Value>1</Value>
				</NamedMeasurement>
				<NamedMeasurement type="numeric/double" name="Execution Time">
					<Value>1.64044</Value>
				</NamedMeasurement>
				<NamedMeasurement type="numeric/double" name="Processors">
					<Value>1</Value>
				</NamedMeasurement>
				<NamedMeasurement type="text/string" name="Completion Status">
					<Value>Completed</Value>
				</NamedMeasurement>
				<NamedMeasurement type="text/string" name="Command Line">
					<Value>/usr/bin/python3 "-u" "/opt/ros/humble/share/ament_cmake_test/cmake/run_test.py" "/home/rumman/ros2_ws/build/custom_interfaces/test_results/custom_interfaces/xmllint.xunit.xml" "--package-name" "custom_interfaces" "--output-file" "/home/rumman/ros2_ws/build/custom_interfaces/ament_xmllint/xmllint.txt" "--command" "/opt/ros/humble/bin/ament_xmllint" "--xunit-file" "/home/rumman/ros2_ws/build/custom_interfaces/test_results/custom_interfaces/xmllint.xunit.xml"</Value>
				</NamedMeasurement>
				<NamedMeasurement type="text/string" name="Environment">
					<Value>#CTEST_RESOURCE_GROUP_COUNT=</Value>
				</NamedMeasurement>
				<Measurement>
					<Value>-- run_test.py: invoking following command in '/home/rumman/ros2_ws/src/custom_interfaces':
 - /opt/ros/humble/bin/ament_xmllint --xunit-file /home/rumman/ros2_ws/build/custom_interfaces/test_results/custom_interfaces/xmllint.xunit.xml
File 'package.xml' is invalid:
/home/rumman/ros2_ws/src/custom_interfaces/package.xml:15: element test_depend: Schemas validity error : Element 'test_depend': This element is not expected. Expected is one of ( member_of_group, export ).
/home/rumman/ros2_ws/src/custom_interfaces/package.xml fails to validate

1 files are invalid
-- run_test.py: return code 1
-- run_test.py: verify result file '/home/rumman/ros2_ws/build/custom_interfaces/test_results/custom_interfaces/xmllint.xunit.xml'
</Value>
				</Measurement>
			</Results>
			<Labels>
				<Label>linter</Label>
				<Label>xmllint</Label>
			</Labels>
		</Test>
		<EndDateTime>Jul 02 11:06 PKT</EndDateTime>
		<EndTestTime>1782972387</EndTestTime>
		<ElapsedMinutes>0</ElapsedMinutes>
	</Testing>
</Site>
